<?xml version="1.0" encoding="UTF-8"?>
<testsuite xmlns:xsi="http://www.w3.org/2001/XMLSchema-instance" xsi:noNamespaceSchemaLocation="https://maven.apache.org/surefire/maven-surefire-plugin/xsd/surefire-test-report.xsd" version="3.0.2" name="org.sonar.samples.java.MyJavaRulesDefinitionTest" time="0.147" tests="1" errors="0" skipped="0" failures="0">
  <properties>
    <property name="java.specification.version" value="17"/>
    <property name="sun.jnu.encoding" value="UTF-8"/>
    <property name="java.class.path" value="/home/engmabdallh/Qestit/Security Testing/SonarQube/projects/my-java-custom-rules/target/test-classes:/home/engmabdallh/Qestit/Security Testing/SonarQube/projects/my-java-custom-rules/target/classes:/home/engmabdallh/.m2/repository/org/sonarsource/api/plugin/sonar-plugin-api/10.7.0.2191/sonar-plugin-api-10.7.0.2191.jar:/home/engmabdallh/.m2/repository/org/slf4j/slf4j-api/2.0.16/slf4j-api-2.0.16.jar:/home/engmabdallh/.m2/repository/org/sonarsource/java/sonar-java-plugin/7.32.0.35531/sonar-java-plugin-7.32.0.35531.jar:/home/engmabdallh/.m2/repository/org/sonarsource/java/java-surefire/7.32.0.35531/java-surefire-7.32.0.35531.jar:/home/engmabdallh/.m2/repository/com/fasterxml/staxmate/staxmate/2.4.0/staxmate-2.4.0.jar:/home/engmabdallh/.m2/repository/org/codehaus/woodstox/stax2-api/4.2.1/stax2-api-4.2.1.jar:/home/engmabdallh/.m2/repository/org/sonarsource/java/java-frontend/7.32.0.35531/java-frontend-7.32.0.35531.jar:/home/engmabdallh/.m2/repository/org/sonarsource/java/jdt-package/1.0.0.9/jdt-package-1.0.0.9.jar:/home/engmabdallh/.m2/repository/org/sonarsource/sslr/sslr-core/1.24.0.633/sslr-core-1.24.0.633.jar:/home/engmabdallh/.m2/repository/org/apache/commons/commons-lang3/3.12.0/commons-lang3-3.12.0.jar:/home/engmabdallh/.m2/repository/org/sonarsource/analyzer-commons/sonar-regex-parsing/2.7.0.1482/sonar-regex-parsing-2.7.0.1482.jar:/home/engmabdallh/.m2/repository/org/sonarsource/java/java-symbolic-execution/7.32.0.35531/java-symbolic-execution-7.32.0.35531.jar:/home/engmabdallh/.m2/repository/org/sonarsource/java/java-checks/7.32.0.35531/java-checks-7.32.0.35531.jar:/home/engmabdallh/.m2/repository/org/sonarsource/java/java-checks-common/7.32.0.35531/java-checks-common-7.32.0.35531.jar:/home/engmabdallh/.m2/repository/org/sonarsource/analyzer-commons/sonar-analyzer-recognizers/2.7.0.1482/sonar-analyzer-recognizers-2.7.0.1482.jar:/home/engmabdallh/.m2/repository/org/springframework/spring-expression/5.3.31/spring-expression-5.3.31.jar:/home/engmabdallh/.m2/repository/org/springframework/spring-core/5.3.31/spring-core-5.3.31.jar:/home/engmabdallh/.m2/repository/org/springframework/spring-jcl/5.3.31/spring-jcl-5.3.31.jar:/home/engmabdallh/.m2/repository/org/sonarsource/java/java-checks-aws/7.32.0.35531/java-checks-aws-7.32.0.35531.jar:/home/engmabdallh/.m2/repository/org/sonarsource/java/external-reports/7.32.0.35531/external-reports-7.32.0.35531.jar:/home/engmabdallh/.m2/repository/org/sonarsource/java/java-jsp/7.32.0.35531/java-jsp-7.32.0.35531.jar:/home/engmabdallh/.m2/repository/org/apache/tomcat/embed/tomcat-embed-jasper/9.0.84/tomcat-embed-jasper-9.0.84.jar:/home/engmabdallh/.m2/repository/org/apache/tomcat/embed/tomcat-embed-core/9.0.84/tomcat-embed-core-9.0.84.jar:/home/engmabdallh/.m2/repository/org/apache/tomcat/tomcat-annotations-api/9.0.84/tomcat-annotations-api-9.0.84.jar:/home/engmabdallh/.m2/repository/org/apache/tomcat/embed/tomcat-embed-el/9.0.84/tomcat-embed-el-9.0.84.jar:/home/engmabdallh/.m2/repository/org/sonarsource/analyzer-commons/sonar-xml-parsing/2.7.0.1482/sonar-xml-parsing-2.7.0.1482.jar:/home/engmabdallh/.m2/repository/com/google/code/findbugs/jsr305/3.0.2/jsr305-3.0.2.jar:/home/engmabdallh/.m2/repository/xerces/xercesImpl/2.12.2/xercesImpl-2.12.2.jar:/home/engmabdallh/.m2/repository/xml-apis/xml-apis/1.4.01/xml-apis-1.4.01.jar:/home/engmabdallh/.m2/repository/com/fasterxml/woodstox/woodstox-core/6.4.0/woodstox-core-6.4.0.jar:/home/engmabdallh/.m2/repository/org/sonarsource/analyzer-commons/sonar-performance-measure/2.7.0.1482/sonar-performance-measure-2.7.0.1482.jar:/home/engmabdallh/.m2/repository/org/sonarsource/analyzer-commons/sonar-analyzer-commons/2.8.0.2699/sonar-analyzer-commons-2.8.0.2699.jar:/home/engmabdallh/.m2/repository/org/sonarsource/java/java-checks-testkit/7.32.0.35531/java-checks-testkit-7.32.0.35531.jar:/home/engmabdallh/.m2/repository/org/sonarsource/java/test-classpath-reader/7.32.0.35531/test-classpath-reader-7.32.0.35531.jar:/home/engmabdallh/.m2/repository/com/google/code/gson/gson/2.8.9/gson-2.8.9.jar:/home/engmabdallh/.m2/repository/org/junit/jupiter/junit-jupiter-api/5.10.2/junit-jupiter-api-5.10.2.jar:/home/engmabdallh/.m2/repository/org/opentest4j/opentest4j/1.3.0/opentest4j-1.3.0.jar:/home/engmabdallh/.m2/repository/org/junit/platform/junit-platform-commons/1.10.2/junit-platform-commons-1.10.2.jar:/home/engmabdallh/.m2/repository/org/apiguardian/apiguardian-api/1.1.2/apiguardian-api-1.1.2.jar:/home/engmabdallh/.m2/repository/org/junit/jupiter/junit-jupiter-migrationsupport/5.10.2/junit-jupiter-migrationsupport-5.10.2.jar:/home/engmabdallh/.m2/repository/junit/junit/4.13.2/junit-4.13.2.jar:/home/engmabdallh/.m2/repository/org/hamcrest/hamcrest-core/1.3/hamcrest-core-1.3.jar:/home/engmabdallh/.m2/repository/org/assertj/assertj-core/3.24.2/assertj-core-3.24.2.jar:/home/engmabdallh/.m2/repository/net/bytebuddy/byte-buddy/1.12.21/byte-buddy-1.12.21.jar:"/>
    <property name="java.vm.vendor" value="Ubuntu"/>
    <property name="sun.arch.data.model" value="64"/>
    <property name="java.vendor.url" value="https://ubuntu.com/"/>
    <property name="os.name" value="Linux"/>
    <property name="java.vm.specification.version" value="17"/>
    <property name="sun.java.launcher" value="SUN_STANDARD"/>
    <property name="user.country" value="US"/>
    <property name="sun.boot.library.path" value="/usr/lib/jvm/java-17-openjdk-amd64/lib"/>
    <property name="sun.java.command" value="/home/engmabdallh/Qestit/Security Testing/SonarQube/projects/my-java-custom-rules/target/surefire/surefirebooter-20240927114318231_3.jar /home/engmabdallh/Qestit/Security Testing/SonarQube/projects/my-java-custom-rules/target/surefire 2024-09-27T11-43-18_037-jvmRun1 surefire-20240927114318231_1tmp surefire_0-20240927114318231_2tmp"/>
    <property name="jdk.debug" value="release"/>
    <property name="surefire.test.class.path" value="/home/engmabdallh/Qestit/Security Testing/SonarQube/projects/my-java-custom-rules/target/test-classes:/home/engmabdallh/Qestit/Security Testing/SonarQube/projects/my-java-custom-rules/target/classes:/home/engmabdallh/.m2/repository/org/sonarsource/api/plugin/sonar-plugin-api/10.7.0.2191/sonar-plugin-api-10.7.0.2191.jar:/home/engmabdallh/.m2/repository/org/slf4j/slf4j-api/2.0.16/slf4j-api-2.0.16.jar:/home/engmabdallh/.m2/repository/org/sonarsource/java/sonar-java-plugin/7.32.0.35531/sonar-java-plugin-7.32.0.35531.jar:/home/engmabdallh/.m2/repository/org/sonarsource/java/java-surefire/7.32.0.35531/java-surefire-7.32.0.35531.jar:/home/engmabdallh/.m2/repository/com/fasterxml/staxmate/staxmate/2.4.0/staxmate-2.4.0.jar:/home/engmabdallh/.m2/repository/org/codehaus/woodstox/stax2-api/4.2.1/stax2-api-4.2.1.jar:/home/engmabdallh/.m2/repository/org/sonarsource/java/java-frontend/7.32.0.35531/java-frontend-7.32.0.35531.jar:/home/engmabdallh/.m2/repository/org/sonarsource/java/jdt-package/1.0.0.9/jdt-package-1.0.0.9.jar:/home/engmabdallh/.m2/repository/org/sonarsource/sslr/sslr-core/1.24.0.633/sslr-core-1.24.0.633.jar:/home/engmabdallh/.m2/repository/org/apache/commons/commons-lang3/3.12.0/commons-lang3-3.12.0.jar:/home/engmabdallh/.m2/repository/org/sonarsource/analyzer-commons/sonar-regex-parsing/2.7.0.1482/sonar-regex-parsing-2.7.0.1482.jar:/home/engmabdallh/.m2/repository/org/sonarsource/java/java-symbolic-execution/7.32.0.35531/java-symbolic-execution-7.32.0.35531.jar:/home/engmabdallh/.m2/repository/org/sonarsource/java/java-checks/7.32.0.35531/java-checks-7.32.0.35531.jar:/home/engmabdallh/.m2/repository/org/sonarsource/java/java-checks-common/7.32.0.35531/java-checks-common-7.32.0.35531.jar:/home/engmabdallh/.m2/repository/org/sonarsource/analyzer-commons/sonar-analyzer-recognizers/2.7.0.1482/sonar-analyzer-recognizers-2.7.0.1482.jar:/home/engmabdallh/.m2/repository/org/springframework/spring-expression/5.3.31/spring-expression-5.3.31.jar:/home/engmabdallh/.m2/repository/org/springframework/spring-core/5.3.31/spring-core-5.3.31.jar:/home/engmabdallh/.m2/repository/org/springframework/spring-jcl/5.3.31/spring-jcl-5.3.31.jar:/home/engmabdallh/.m2/repository/org/sonarsource/java/java-checks-aws/7.32.0.35531/java-checks-aws-7.32.0.35531.jar:/home/engmabdallh/.m2/repository/org/sonarsource/java/external-reports/7.32.0.35531/external-reports-7.32.0.35531.jar:/home/engmabdallh/.m2/repository/org/sonarsource/java/java-jsp/7.32.0.35531/java-jsp-7.32.0.35531.jar:/home/engmabdallh/.m2/repository/org/apache/tomcat/embed/tomcat-embed-jasper/9.0.84/tomcat-embed-jasper-9.0.84.jar:/home/engmabdallh/.m2/repository/org/apache/tomcat/embed/tomcat-embed-core/9.0.84/tomcat-embed-core-9.0.84.jar:/home/engmabdallh/.m2/repository/org/apache/tomcat/tomcat-annotations-api/9.0.84/tomcat-annotations-api-9.0.84.jar:/home/engmabdallh/.m2/repository/org/apache/tomcat/embed/tomcat-embed-el/9.0.84/tomcat-embed-el-9.0.84.jar:/home/engmabdallh/.m2/repository/org/sonarsource/analyzer-commons/sonar-xml-parsing/2.7.0.1482/sonar-xml-parsing-2.7.0.1482.jar:/home/engmabdallh/.m2/repository/com/google/code/findbugs/jsr305/3.0.2/jsr305-3.0.2.jar:/home/engmabdallh/.m2/repository/xerces/xercesImpl/2.12.2/xercesImpl-2.12.2.jar:/home/engmabdallh/.m2/repository/xml-apis/xml-apis/1.4.01/xml-apis-1.4.01.jar:/home/engmabdallh/.m2/repository/com/fasterxml/woodstox/woodstox-core/6.4.0/woodstox-core-6.4.0.jar:/home/engmabdallh/.m2/repository/org/sonarsource/analyzer-commons/sonar-performance-measure/2.7.0.1482/sonar-performance-measure-2.7.0.1482.jar:/home/engmabdallh/.m2/repository/org/sonarsource/analyzer-commons/sonar-analyzer-commons/2.8.0.2699/sonar-analyzer-commons-2.8.0.2699.jar:/home/engmabdallh/.m2/repository/org/sonarsource/java/java-checks-testkit/7.32.0.35531/java-checks-testkit-7.32.0.35531.jar:/home/engmabdallh/.m2/repository/org/sonarsource/java/test-classpath-reader/7.32.0.35531/test-classpath-reader-7.32.0.35531.jar:/home/engmabdallh/.m2/repository/com/google/code/gson/gson/2.8.9/gson-2.8.9.jar:/home/engmabdallh/.m2/repository/org/junit/jupiter/junit-jupiter-api/5.10.2/junit-jupiter-api-5.10.2.jar:/home/engmabdallh/.m2/repository/org/opentest4j/opentest4j/1.3.0/opentest4j-1.3.0.jar:/home/engmabdallh/.m2/repository/org/junit/platform/junit-platform-commons/1.10.2/junit-platform-commons-1.10.2.jar:/home/engmabdallh/.m2/repository/org/apiguardian/apiguardian-api/1.1.2/apiguardian-api-1.1.2.jar:/home/engmabdallh/.m2/repository/org/junit/jupiter/junit-jupiter-migrationsupport/5.10.2/junit-jupiter-migrationsupport-5.10.2.jar:/home/engmabdallh/.m2/repository/junit/junit/4.13.2/junit-4.13.2.jar:/home/engmabdallh/.m2/repository/org/hamcrest/hamcrest-core/1.3/hamcrest-core-1.3.jar:/home/engmabdallh/.m2/repository/org/assertj/assertj-core/3.24.2/assertj-core-3.24.2.jar:/home/engmabdallh/.m2/repository/net/bytebuddy/byte-buddy/1.12.21/byte-buddy-1.12.21.jar:"/>
    <property name="sun.cpu.endian" value="little"/>
    <property name="user.home" value="/home/engmabdallh"/>
    <property name="user.language" value="en"/>
    <property name="java.specification.vendor" value="Oracle Corporation"/>
    <property name="java.version.date" value="2024-07-16"/>
    <property name="java.home" value="/usr/lib/jvm/java-17-openjdk-amd64"/>
    <property name="file.separator" value="/"/>
    <property name="basedir" value="/home/engmabdallh/Qestit/Security Testing/SonarQube/projects/my-java-custom-rules"/>
    <property name="java.vm.compressedOopsMode" value="32-bit"/>
    <property name="line.separator" value="&#10;"/>
    <property name="java.vm.specification.vendor" value="Oracle Corporation"/>
    <property name="java.specification.name" value="Java Platform API Specification"/>
    <property name="surefire.real.class.path" value="/home/engmabdallh/Qestit/Security Testing/SonarQube/projects/my-java-custom-rules/target/surefire/surefirebooter-20240927114318231_3.jar"/>
    <property name="sun.management.compiler" value="HotSpot 64-Bit Tiered Compilers"/>
    <property name="java.runtime.version" value="17.0.12+7-Ubuntu-1ubuntu224.04"/>
    <property name="user.name" value="engmabdallh"/>
    <property name="path.separator" value=":"/>
    <property name="os.version" value="6.8.0-40-generic"/>
    <property name="java.runtime.name" value="OpenJDK Runtime Environment"/>
    <property name="file.encoding" value="UTF-8"/>
    <property name="java.vm.name" value="OpenJDK 64-Bit Server VM"/>
    <property name="localRepository" value="/home/engmabdallh/.m2/repository"/>
    <property name="java.vendor.url.bug" value="https://bugs.launchpad.net/ubuntu/+source/openjdk-17"/>
    <property name="java.io.tmpdir" value="/tmp"/>
    <property name="java.version" value="17.0.12"/>
    <property name="user.dir" value="/home/engmabdallh/Qestit/Security Testing/SonarQube/projects/my-java-custom-rules"/>
    <property name="os.arch" value="amd64"/>
    <property name="java.vm.specification.name" value="Java Virtual Machine Specification"/>
    <property name="native.encoding" value="UTF-8"/>
    <property name="java.library.path" value="/usr/java/packages/lib:/usr/lib/x86_64-linux-gnu/jni:/lib/x86_64-linux-gnu:/usr/lib/x86_64-linux-gnu:/usr/lib/jni:/lib:/usr/lib"/>
    <property name="java.vm.info" value="mixed mode, sharing"/>
    <property name="java.vendor" value="Ubuntu"/>
    <property name="java.vm.version" value="17.0.12+7-Ubuntu-1ubuntu224.04"/>
    <property name="sun.io.unicode.encoding" value="UnicodeLittle"/>
    <property name="java.class.version" value="61.0"/>
  </properties>
  <testcase name="test" classname="org.sonar.samples.java.MyJavaRulesDefinitionTest" time="0.138"/>
</testsuite>